1598218250362	geckodriver	INFO	Listening on 127.0.0.1:51739
1598218253437	mozrunner::runner	INFO	Running command: "C:\\Program Files\\Firefox Developer Edition\\firefox.exe" "--marionette" "-foreground" "-no-remote" "-profile" "C:\\Users\\DANIEL~1\\AppData\\Local\\Temp\\rust_mozprofileS512U1"
JavaScript error: resource://gre/modules/XULStore.jsm, line 66: Error: Can't find profile directory.
console.error: SearchCache: "_readCacheFile: Error reading cache file:" (new Error("", "(unknown module)"))
1598218261915	Marionette	INFO	Listening on port 51747
[Parent 5192, Gecko_IOThread] WARNING: file /builds/worker/checkouts/gecko/ipc/chromium/src/base/process_util_win.cc, line 166
1598218262101	Marionette	WARN	TLS certificate errors will be ignored for this session
JavaScript error: https://www.segurossura.com.co/covid-19/encuestas/paginas/sintomas.aspx, line 234: ReferenceError: Sys is not defined
JavaScript error: https://www.segurossura.com.co/covid-19/encuestas/paginas/sintomas.aspx, line 458: ReferenceError: _spBodyOnLoadFunctionNames is not defined
JavaScript error: https://www.segurossura.com.co/covid-19/encuestas/paginas/sintomas.aspx, line 215: ReferenceError: removeAllStatus is not defined
JavaScript error: https://www.segurossura.com.co/covid-19/encuestas/paginas/sintomas.aspx, line 215: ReferenceError: removeAllStatus is not defined
JavaScript error: https://www.segurossura.com.co/covid-19/encuestas/paginas/sintomas.aspx, line 234: ReferenceError: Sys is not defined
JavaScript error: https://www.segurossura.com.co/covid-19/encuestas/paginas/sintomas.aspx, line 458: ReferenceError: _spBodyOnLoadFunctionNames is not defined
JavaScript error: https://www.segurossura.com.co/covid-19/encuestas/paginas/sintomas.aspx, line 215: ReferenceError: removeAllStatus is not defined
JavaScript error: https://www.segurossura.com.co/covid-19/encuestas/paginas/sintomas.aspx, line 215: ReferenceError: removeAllStatus is not defined
1598218279301	Marionette	INFO	Stopped listening on port 51747

###!!! [Child][RunMessage] Error: Channel closing: too late to send/recv, messages will be lost

[Parent 5192, Gecko_IOThread] WARNING: file /builds/worker/checkouts/gecko/ipc/chromium/src/base/process_util_win.cc, line 166

###!!! [Child][MessageChannel::SendAndWait] Error: Channel error: cannot send/recv

[2020-08-23T21:31:21Z ERROR bitsdownload::bits_interface::monitor] Unable to dispatch to thread: NS_ERROR_ILLEGAL_DURING_SHUTDOWN
1598218435122	geckodriver	INFO	Listening on 127.0.0.1:51950
1598218438199	mozrunner::runner	INFO	Running command: "C:\\Program Files\\Firefox Developer Edition\\firefox.exe" "--marionette" "-foreground" "-no-remote" "-profile" "C:\\Users\\DANIEL~1\\AppData\\Local\\Temp\\rust_mozprofiley2E4TB"
JavaScript error: resource://gre/modules/XULStore.jsm, line 66: Error: Can't find profile directory.
console.error: SearchCache: "_readCacheFile: Error reading cache file:" (new Error("", "(unknown module)"))
1598218445790	Marionette	INFO	Listening on port 51961
1598218446167	Marionette	WARN	TLS certificate errors will be ignored for this session
JavaScript error: https://www.segurossura.com.co/covid-19/encuestas/paginas/sintomas.aspx, line 234: ReferenceError: Sys is not defined
JavaScript error: https://www.segurossura.com.co/covid-19/encuestas/paginas/sintomas.aspx, line 458: ReferenceError: _spBodyOnLoadFunctionNames is not defined
JavaScript error: https://www.segurossura.com.co/covid-19/encuestas/paginas/sintomas.aspx, line 215: ReferenceError: removeAllStatus is not defined
JavaScript error: https://www.segurossura.com.co/covid-19/encuestas/paginas/sintomas.aspx, line 215: ReferenceError: removeAllStatus is not defined
JavaScript error: https://www.segurossura.com.co/covid-19/encuestas/paginas/sintomas.aspx, line 234: ReferenceError: Sys is not defined
JavaScript error: https://www.segurossura.com.co/covid-19/encuestas/paginas/sintomas.aspx, line 458: ReferenceError: _spBodyOnLoadFunctionNames is not defined
JavaScript error: https://www.segurossura.com.co/covid-19/encuestas/paginas/sintomas.aspx, line 215: ReferenceError: removeAllStatus is not defined
JavaScript error: https://www.segurossura.com.co/covid-19/encuestas/paginas/sintomas.aspx, line 215: ReferenceError: removeAllStatus is not defined
1598218460956	Marionette	INFO	Stopped listening on port 51961

###!!! [Child][RunMessage] Error: Channel closing: too late to send/recv, messages will be lost


###!!! [Child][RunMessage] Error: Channel closing: too late to send/recv, messages will be lost

[Parent 17680, Gecko_IOThread] WARNING: file /builds/worker/checkouts/gecko/ipc/chromium/src/base/process_util_win.cc, line 166

###!!! [Child][MessageChannel::SendAndWait] Error: Channel error: cannot send/recv

1598218588680	geckodriver	INFO	Listening on 127.0.0.1:52130
1598218591747	mozrunner::runner	INFO	Running command: "C:\\Program Files\\Firefox Developer Edition\\firefox.exe" "--marionette" "-foreground" "-no-remote" "-profile" "C:\\Users\\DANIEL~1\\AppData\\Local\\Temp\\rust_mozprofile9X5kda"
1598218640298	geckodriver	INFO	Listening on 127.0.0.1:52192
1598218643363	mozrunner::runner	INFO	Running command: "C:\\Program Files\\Firefox Developer Edition\\firefox.exe" "--marionette" "-foreground" "-no-remote" "-profile" "C:\\Users\\DANIEL~1\\AppData\\Local\\Temp\\rust_mozprofileOBvEss"
JavaScript error: resource://gre/modules/XULStore.jsm, line 66: Error: Can't find profile directory.
console.error: SearchCache: "_readCacheFile: Error reading cache file:" (new Error("", "(unknown module)"))
1598218650103	Marionette	INFO	Listening on port 52204
1598218650380	Marionette	WARN	TLS certificate errors will be ignored for this session
JavaScript error: https://www.segurossura.com.co/covid-19/encuestas/paginas/sintomas.aspx, line 234: ReferenceError: Sys is not defined
JavaScript error: https://www.segurossura.com.co/covid-19/encuestas/paginas/sintomas.aspx, line 458: ReferenceError: _spBodyOnLoadFunctionNames is not defined
JavaScript error: https://www.segurossura.com.co/covid-19/encuestas/paginas/sintomas.aspx, line 215: ReferenceError: removeAllStatus is not defined
JavaScript error: https://www.segurossura.com.co/covid-19/encuestas/paginas/sintomas.aspx, line 215: ReferenceError: removeAllStatus is not defined
JavaScript error: https://www.segurossura.com.co/covid-19/encuestas/paginas/sintomas.aspx, line 234: ReferenceError: Sys is not defined
JavaScript error: https://www.segurossura.com.co/covid-19/encuestas/paginas/sintomas.aspx, line 458: ReferenceError: _spBodyOnLoadFunctionNames is not defined
JavaScript error: https://www.segurossura.com.co/covid-19/encuestas/paginas/sintomas.aspx, line 215: ReferenceError: removeAllStatus is not defined
JavaScript error: https://www.segurossura.com.co/covid-19/encuestas/paginas/sintomas.aspx, line 215: ReferenceError: removeAllStatus is not defined
1598218665336	Marionette	INFO	Stopped listening on port 52204
[Parent 19404, Gecko_IOThread] WARNING: file /builds/worker/checkouts/gecko/ipc/chromium/src/base/process_util_win.cc, line 166

###!!! [Child][RunMessage] Error: Channel closing: too late to send/recv, messages will be lost


###!!! [Child][MessageChannel::SendAndWait] Error: Channel error: cannot send/recv

1598218685494	geckodriver	INFO	Listening on 127.0.0.1:52308
1598218688571	mozrunner::runner	INFO	Running command: "C:\\Program Files\\Firefox Developer Edition\\firefox.exe" "--marionette" "-foreground" "-no-remote" "-profile" "C:\\Users\\DANIEL~1\\AppData\\Local\\Temp\\rust_mozprofile4W67vW"
JavaScript error: resource://gre/modules/XULStore.jsm, line 66: Error: Can't find profile directory.
console.error: SearchCache: "_readCacheFile: Error reading cache file:" (new Error("", "(unknown module)"))
1598218695566	Marionette	INFO	Listening on port 52318
1598218696062	Marionette	WARN	TLS certificate errors will be ignored for this session
JavaScript error: https://www.segurossura.com.co/covid-19/encuestas/paginas/sintomas.aspx, line 234: ReferenceError: Sys is not defined
JavaScript error: https://www.segurossura.com.co/covid-19/encuestas/paginas/sintomas.aspx, line 458: ReferenceError: _spBodyOnLoadFunctionNames is not defined
JavaScript error: https://www.segurossura.com.co/covid-19/encuestas/paginas/sintomas.aspx, line 215: ReferenceError: removeAllStatus is not defined
JavaScript error: https://www.segurossura.com.co/covid-19/encuestas/paginas/sintomas.aspx, line 215: ReferenceError: removeAllStatus is not defined
JavaScript error: https://www.segurossura.com.co/covid-19/encuestas/paginas/sintomas.aspx, line 234: ReferenceError: Sys is not defined
JavaScript error: https://www.segurossura.com.co/covid-19/encuestas/paginas/sintomas.aspx, line 458: ReferenceError: _spBodyOnLoadFunctionNames is not defined
JavaScript error: https://www.segurossura.com.co/covid-19/encuestas/paginas/sintomas.aspx, line 215: ReferenceError: removeAllStatus is not defined
JavaScript error: https://www.segurossura.com.co/covid-19/encuestas/paginas/sintomas.aspx, line 215: ReferenceError: removeAllStatus is not defined
1598218718378	Marionette	INFO	Stopped listening on port 52318
[Parent 2612, Gecko_IOThread] WARNING: file /builds/worker/checkouts/gecko/ipc/chromium/src/base/process_util_win.cc, line 166

###!!! [Child][RunMessage] Error: Channel closing: too late to send/recv, messages will be lost


###!!! [Child][MessageChannel::SendAndWait] Error: Channel error: cannot send/recv

1598218886006	geckodriver	INFO	Listening on 127.0.0.1:52513
1598218889079	mozrunner::runner	INFO	Running command: "C:\\Program Files\\Firefox Developer Edition\\firefox.exe" "--marionette" "-foreground" "-no-remote" "-profile" "C:\\Users\\DANIEL~1\\AppData\\Local\\Temp\\rust_mozprofileMDalkF"
JavaScript error: resource://gre/modules/XULStore.jsm, line 66: Error: Can't find profile directory.
console.error: SearchCache: "_readCacheFile: Error reading cache file:" (new Error("", "(unknown module)"))
1598218896065	Marionette	INFO	Listening on port 52523
1598218896539	Marionette	WARN	TLS certificate errors will be ignored for this session
JavaScript error: https://www.segurossura.com.co/covid-19/encuestas/paginas/sintomas.aspx, line 234: ReferenceError: Sys is not defined
JavaScript error: https://www.segurossura.com.co/covid-19/encuestas/paginas/sintomas.aspx, line 458: ReferenceError: _spBodyOnLoadFunctionNames is not defined
JavaScript error: https://www.segurossura.com.co/covid-19/encuestas/paginas/sintomas.aspx, line 215: ReferenceError: removeAllStatus is not defined
JavaScript error: https://www.segurossura.com.co/covid-19/encuestas/paginas/sintomas.aspx, line 215: ReferenceError: removeAllStatus is not defined
JavaScript error: https://www.segurossura.com.co/covid-19/encuestas/paginas/sintomas.aspx, line 234: ReferenceError: Sys is not defined
JavaScript error: https://www.segurossura.com.co/covid-19/encuestas/paginas/sintomas.aspx, line 458: ReferenceError: _spBodyOnLoadFunctionNames is not defined
JavaScript error: https://www.segurossura.com.co/covid-19/encuestas/paginas/sintomas.aspx, line 215: ReferenceError: removeAllStatus is not defined
JavaScript error: https://www.segurossura.com.co/covid-19/encuestas/paginas/sintomas.aspx, line 215: ReferenceError: removeAllStatus is not defined
1598218919847	Marionette	INFO	Stopped listening on port 52523
[Parent 21116, Gecko_IOThread] WARNING: file /builds/worker/checkouts/gecko/ipc/chromium/src/base/process_util_win.cc, line 166

###!!! [Child][RunMessage] Error: Channel closing: too late to send/recv, messages will be lost


###!!! [Child][MessageChannel::SendAndWait] Error: Channel error: cannot send/recv

